TN:
SF:js\domFunctions.js
FN:28,updateErrorMessage
FN:43,showLimitError
FN:57,hideLimitError
FN:65,clearLetterDensityContent
FN:68,(anonymous_4)
FN:71,showNoDataMessage
FN:77,hideNoDataMessage
FN:82,toggleRemainingLetters
FN:97,(anonymous_8)
FN:108,(anonymous_9)
FN:116,setupSeeMoreFunctionality
FN:141,displayLetterFrequency
FN:165,getCharacterLimit
FN:173,enforceCharacterLimit
FN:188,toggleCharacterLimitInput
FN:199,checkCharacterLimit
FN:229,setTheme
FN:245,toggleTheme
FN:251,initializeTheme
FN:259,updateAnalysis
FN:282,handleTextInput
FN:300,initializeEventListeners
FN:306,(anonymous_22)
FN:317,(anonymous_23)
FN:334,init
FNF:25
FNH:12
FNDA:2,updateErrorMessage
FNDA:2,showLimitError
FNDA:2,hideLimitError
FNDA:2,clearLetterDensityContent
FNDA:0,(anonymous_4)
FNDA:0,showNoDataMessage
FNDA:2,hideNoDataMessage
FNDA:0,toggleRemainingLetters
FNDA:0,(anonymous_8)
FNDA:0,(anonymous_9)
FNDA:2,setupSeeMoreFunctionality
FNDA:2,displayLetterFrequency
FNDA:4,getCharacterLimit
FNDA:1,enforceCharacterLimit
FNDA:0,toggleCharacterLimitInput
FNDA:4,checkCharacterLimit
FNDA:0,setTheme
FNDA:0,toggleTheme
FNDA:0,initializeTheme
FNDA:2,updateAnalysis
FNDA:2,handleTextInput
FNDA:0,initializeEventListeners
FNDA:0,(anonymous_22)
FNDA:0,(anonymous_23)
FNDA:0,init
DA:6,1
DA:29,2
DA:31,2
DA:32,0
DA:33,0
DA:34,2
DA:35,1
DA:36,1
DA:38,1
DA:39,1
DA:44,2
DA:45,2
DA:47,2
DA:48,2
DA:49,1
DA:50,1
DA:52,1
DA:53,1
DA:58,2
DA:59,2
DA:60,2
DA:61,2
DA:66,2
DA:67,2
DA:68,0
DA:72,0
DA:73,0
DA:74,0
DA:78,2
DA:79,2
DA:83,0
DA:84,0
DA:86,0
DA:87,0
DA:89,0
DA:91,0
DA:93,0
DA:94,0
DA:97,0
DA:98,0
DA:99,0
DA:100,0
DA:101,0
DA:104,0
DA:106,0
DA:108,0
DA:109,0
DA:110,0
DA:111,0
DA:117,2
DA:119,2
DA:120,0
DA:121,0
DA:123,0
DA:124,0
DA:125,0
DA:126,0
DA:127,0
DA:130,0
DA:131,0
DA:132,0
DA:135,0
DA:137,2
DA:142,2
DA:144,2
DA:146,2
DA:148,2
DA:149,0
DA:150,0
DA:153,2
DA:155,2
DA:156,2
DA:158,2
DA:159,2
DA:161,2
DA:166,4
DA:167,1
DA:169,3
DA:170,3
DA:174,1
DA:176,1
DA:178,1
DA:179,0
DA:180,0
DA:185,1
DA:189,0
DA:191,0
DA:192,0
DA:194,0
DA:195,0
DA:200,4
DA:201,2
DA:202,2
DA:205,2
DA:206,2
DA:208,2
DA:209,0
DA:210,0
DA:213,2
DA:214,2
DA:217,2
DA:219,2
DA:220,1
DA:221,1
DA:222,1
DA:224,0
DA:230,0
DA:232,0
DA:233,0
DA:234,0
DA:235,0
DA:238,0
DA:239,0
DA:242,0
DA:246,0
DA:247,0
DA:248,0
DA:252,0
DA:253,0
DA:254,0
DA:260,2
DA:262,2
DA:263,2
DA:265,2
DA:266,2
DA:268,2
DA:269,2
DA:271,2
DA:272,2
DA:274,2
DA:275,2
DA:278,2
DA:283,2
DA:285,2
DA:286,2
DA:287,2
DA:289,2
DA:290,1
DA:291,1
DA:292,0
DA:296,2
DA:297,2
DA:301,0
DA:303,0
DA:305,0
DA:306,0
DA:307,0
DA:308,0
DA:311,0
DA:312,0
DA:316,0
DA:317,0
DA:318,0
DA:319,0
DA:323,0
DA:324,0
DA:325,0
DA:328,0
DA:329,0
DA:335,0
DA:336,0
DA:337,0
DA:338,0
DA:340,0
LF:164
LH:79
BRDA:28,0,0,0
BRDA:29,1,0,0
BRDA:29,1,1,2
BRDA:31,2,0,0
BRDA:31,2,1,2
BRDA:34,3,0,1
BRDA:34,3,1,1
BRDA:43,4,0,0
BRDA:45,5,0,0
BRDA:45,5,1,2
BRDA:48,6,0,1
BRDA:48,6,1,1
BRDA:58,7,0,0
BRDA:58,7,1,2
BRDA:66,8,0,0
BRDA:66,8,1,2
BRDA:72,9,0,0
BRDA:72,9,1,0
BRDA:78,10,0,0
BRDA:78,10,1,2
BRDA:84,11,0,0
BRDA:84,11,1,0
BRDA:91,12,0,0
BRDA:91,12,1,0
BRDA:117,13,0,0
BRDA:117,13,1,2
BRDA:117,14,0,2
BRDA:117,14,1,2
BRDA:119,15,0,0
BRDA:119,15,1,2
BRDA:142,16,0,0
BRDA:142,16,1,2
BRDA:148,17,0,0
BRDA:148,17,1,2
BRDA:166,18,0,1
BRDA:166,18,1,3
BRDA:166,19,0,4
BRDA:166,19,1,4
BRDA:169,20,0,3
BRDA:169,20,1,0
BRDA:170,21,0,3
BRDA:170,21,1,0
BRDA:174,22,0,0
BRDA:174,22,1,1
BRDA:178,23,0,0
BRDA:178,23,1,1
BRDA:180,24,0,0
BRDA:180,24,1,0
BRDA:189,25,0,0
BRDA:189,25,1,0
BRDA:189,26,0,0
BRDA:189,26,1,0
BRDA:191,27,0,0
BRDA:191,27,1,0
BRDA:200,28,0,2
BRDA:200,28,1,2
BRDA:200,29,0,4
BRDA:200,29,1,4
BRDA:205,30,0,2
BRDA:205,30,1,0
BRDA:208,31,0,0
BRDA:208,31,1,2
BRDA:209,32,0,0
BRDA:209,32,1,0
BRDA:213,33,0,2
BRDA:213,33,1,0
BRDA:217,34,0,2
BRDA:217,34,1,0
BRDA:219,35,0,1
BRDA:219,35,1,1
BRDA:221,36,0,1
BRDA:221,36,1,0
BRDA:230,37,0,0
BRDA:230,37,1,0
BRDA:233,38,0,0
BRDA:233,38,1,0
BRDA:234,39,0,0
BRDA:234,39,1,0
BRDA:235,40,0,0
BRDA:235,40,1,0
BRDA:238,41,0,0
BRDA:238,41,1,0
BRDA:239,42,0,0
BRDA:239,42,1,0
BRDA:242,43,0,0
BRDA:242,43,1,0
BRDA:246,44,0,0
BRDA:246,44,1,0
BRDA:253,45,0,0
BRDA:253,45,1,0
BRDA:260,46,0,0
BRDA:260,46,1,2
BRDA:263,47,0,2
BRDA:263,47,1,0
BRDA:266,48,0,2
BRDA:266,48,1,0
BRDA:269,49,0,2
BRDA:269,49,1,0
BRDA:272,50,0,2
BRDA:272,50,1,0
BRDA:274,51,0,2
BRDA:274,51,1,0
BRDA:283,52,0,0
BRDA:283,52,1,2
BRDA:286,53,0,2
BRDA:286,53,1,0
BRDA:289,54,0,1
BRDA:289,54,1,1
BRDA:289,55,0,2
BRDA:289,55,1,2
BRDA:291,56,0,0
BRDA:291,56,1,1
BRDA:301,57,0,0
BRDA:301,57,1,0
BRDA:305,58,0,0
BRDA:305,58,1,0
BRDA:307,59,0,0
BRDA:307,59,1,0
BRDA:308,60,0,0
BRDA:308,60,1,0
BRDA:316,61,0,0
BRDA:316,61,1,0
BRDA:323,62,0,0
BRDA:323,62,1,0
BRDA:328,63,0,0
BRDA:328,63,1,0
BRF:126
BRH:48
end_of_record
TN:
SF:js\pureFunctions.js
FN:9,formatNumber
FN:14,calculateCharCount
FN:18,countWords
FN:22,countSentences
FN:23,(anonymous_4)
FN:27,calculateReadingTime
FN:43,generateFrequencyMap
FN:44,(anonymous_7)
FN:50,calculateLetterFrequency
FN:63,(anonymous_9)
FN:70,(anonymous_10)
FN:71,(anonymous_11)
FN:76,generateDensityHTML
FN:77,(anonymous_13)
FN:99,truncateExcludingSpaces
FN:115,shouldShowLimitWarning
FN:120,shouldShowLimitError
FN:124,getMessageColor
FNF:18
FNH:4
FNDA:0,formatNumber
FNDA:6,calculateCharCount
FNDA:5,countWords
FNDA:4,countSentences
FNDA:11,(anonymous_4)
FNDA:0,calculateReadingTime
FNDA:0,generateFrequencyMap
FNDA:0,(anonymous_7)
FNDA:0,calculateLetterFrequency
FNDA:0,(anonymous_9)
FNDA:0,(anonymous_10)
FNDA:0,(anonymous_11)
FNDA:0,generateDensityHTML
FNDA:0,(anonymous_13)
FNDA:0,truncateExcludingSpaces
FNDA:0,shouldShowLimitWarning
FNDA:0,shouldShowLimitError
FNDA:0,getMessageColor
DA:3,1
DA:10,0
DA:15,6
DA:19,5
DA:23,11
DA:28,0
DA:31,0
DA:32,0
DA:33,0
DA:34,0
DA:36,0
DA:39,0
DA:44,0
DA:45,0
DA:46,0
DA:51,0
DA:52,0
DA:54,0
DA:55,0
DA:63,0
DA:64,0
DA:65,0
DA:69,0
DA:70,0
DA:71,0
DA:73,0
DA:77,0
DA:78,0
DA:79,0
DA:100,0
DA:101,0
DA:103,0
DA:104,0
DA:105,0
DA:106,0
DA:107,0
DA:109,0
DA:112,0
DA:116,0
DA:117,0
DA:121,0
DA:125,0
DA:126,0
DA:127,0
DA:128,0
DA:130,0
LF:46
LH:4
BRDA:15,0,0,2
BRDA:15,0,1,4
BRDA:31,1,0,0
BRDA:31,1,1,0
BRDA:31,2,0,0
BRDA:31,2,1,0
BRDA:33,3,0,0
BRDA:33,3,1,0
BRDA:45,4,0,0
BRDA:45,4,1,0
BRDA:54,5,0,0
BRDA:54,5,1,0
BRDA:64,6,0,0
BRDA:64,6,1,0
BRDA:105,7,0,0
BRDA:105,7,1,0
BRDA:107,8,0,0
BRDA:107,8,1,0
BRDA:117,9,0,0
BRDA:117,9,1,0
BRDA:125,10,0,0
BRDA:125,10,1,0
BRDA:127,11,0,0
BRDA:127,11,1,0
BRF:24
BRH:2
end_of_record
